<?xml version="1.0" encoding="UTF-8"?>
<!-- Generated by org.testng.reporters.JUnitReportReporter -->
<testsuite skipped="0" hostname="LAPTOP-V4NAUJNP" name="testrunner.Testrunner" tests="1" failures="0" timestamp="06 nov 2018 13:47:41 GMT" time="0.022" errors="0">
  <testcase name="runScenario" time="0.022" classname="testrunner.Testrunner"/>
</testsuite> <!-- testrunner.Testrunner -->
